{"C:\\Users\\Good\\Documents\\web\\coba\\apps\\frontend\\src\\lib\\features\\inventory\\services\\products.service.ts": {"path":"C:\\Users\\Good\\Documents\\web\\coba\\apps\\frontend\\src\\lib\\features\\inventory\\services\\products.service.ts","statementMap":{"0":{"start":{"line":7,"column":25},"end":{"line":7,"column":null}},"1":{"start":{"line":8,"column":8},"end":{"line":8,"column":null}},"2":{"start":{"line":12,"column":25},"end":{"line":12,"column":null}},"3":{"start":{"line":13,"column":8},"end":{"line":13,"column":null}},"4":{"start":{"line":17,"column":25},"end":{"line":17,"column":null}},"5":{"start":{"line":18,"column":8},"end":{"line":18,"column":null}},"6":{"start":{"line":22,"column":25},"end":{"line":22,"column":null}},"7":{"start":{"line":23,"column":8},"end":{"line":23,"column":null}},"8":{"start":{"line":27,"column":8},"end":{"line":27,"column":null}},"9":{"start":{"line":31,"column":8},"end":{"line":31,"column":null}},"10":{"start":{"line":36,"column":25},"end":{"line":36,"column":null}},"11":{"start":{"line":37,"column":8},"end":{"line":37,"column":null}},"12":{"start":{"line":41,"column":25},"end":{"line":41,"column":null}},"13":{"start":{"line":42,"column":8},"end":{"line":42,"column":null}},"14":{"start":{"line":47,"column":25},"end":{"line":47,"column":null}},"15":{"start":{"line":48,"column":8},"end":{"line":48,"column":null}},"16":{"start":{"line":52,"column":8},"end":{"line":52,"column":null}},"17":{"start":{"line":56,"column":31},"end":{"line":56,"column":null}}},"fnMap":{"0":{"name":"(anonymous_0)","decl":{"start":{"line":6,"column":10},"end":{"line":6,"column":22}},"loc":{"start":{"line":6,"column":74},"end":{"line":9,"column":null}},"line":6},"1":{"name":"(anonymous_1)","decl":{"start":{"line":11,"column":10},"end":{"line":11,"column":21}},"loc":{"start":{"line":11,"column":51},"end":{"line":14,"column":null}},"line":11},"2":{"name":"(anonymous_2)","decl":{"start":{"line":16,"column":10},"end":{"line":16,"column":24}},"loc":{"start":{"line":16,"column":66},"end":{"line":19,"column":null}},"line":16},"3":{"name":"(anonymous_3)","decl":{"start":{"line":21,"column":10},"end":{"line":21,"column":24}},"loc":{"start":{"line":21,"column":78},"end":{"line":24,"column":null}},"line":21},"4":{"name":"(anonymous_4)","decl":{"start":{"line":26,"column":10},"end":{"line":26,"column":24}},"loc":{"start":{"line":26,"column":51},"end":{"line":28,"column":null}},"line":26},"5":{"name":"(anonymous_5)","decl":{"start":{"line":30,"column":10},"end":{"line":30,"column":21}},"loc":{"start":{"line":30,"column":62},"end":{"line":32,"column":null}},"line":30},"6":{"name":"(anonymous_6)","decl":{"start":{"line":35,"column":10},"end":{"line":35,"column":47}},"loc":{"start":{"line":35,"column":47},"end":{"line":38,"column":null}},"line":35},"7":{"name":"(anonymous_7)","decl":{"start":{"line":40,"column":10},"end":{"line":40,"column":21}},"loc":{"start":{"line":40,"column":48},"end":{"line":43,"column":null}},"line":40},"8":{"name":"(anonymous_8)","decl":{"start":{"line":46,"column":10},"end":{"line":46,"column":46}},"loc":{"start":{"line":46,"column":46},"end":{"line":49,"column":null}},"line":46},"9":{"name":"(anonymous_9)","decl":{"start":{"line":51,"column":10},"end":{"line":51,"column":22}},"loc":{"start":{"line":51,"column":74},"end":{"line":53,"column":null}},"line":51}},"branchMap":{},"s":{"0":2,"1":2,"2":0,"3":0,"4":1,"5":1,"6":0,"7":0,"8":0,"9":0,"10":0,"11":0,"12":0,"13":0,"14":0,"15":0,"16":0,"17":2},"f":{"0":2,"1":0,"2":1,"3":0,"4":0,"5":0,"6":0,"7":0,"8":0,"9":0},"b":{},"meta":{"lastBranch":0,"lastFunction":10,"lastStatement":18,"seen":{"f:6:10:6:22":0,"s:7:25:7:Infinity":0,"s:8:8:8:Infinity":1,"f:11:10:11:21":1,"s:12:25:12:Infinity":2,"s:13:8:13:Infinity":3,"f:16:10:16:24":2,"s:17:25:17:Infinity":4,"s:18:8:18:Infinity":5,"f:21:10:21:24":3,"s:22:25:22:Infinity":6,"s:23:8:23:Infinity":7,"f:26:10:26:24":4,"s:27:8:27:Infinity":8,"f:30:10:30:21":5,"s:31:8:31:Infinity":9,"f:35:10:35:47":6,"s:36:25:36:Infinity":10,"s:37:8:37:Infinity":11,"f:40:10:40:21":7,"s:41:25:41:Infinity":12,"s:42:8:42:Infinity":13,"f:46:10:46:46":8,"s:47:25:47:Infinity":14,"s:48:8:48:Infinity":15,"f:51:10:51:22":9,"s:52:8:52:Infinity":16,"s:56:31:56:Infinity":17}}}
,"C:\\Users\\Good\\Documents\\web\\coba\\apps\\frontend\\src\\lib\\features\\sales\\components\\sales.service.ts": {"path":"C:\\Users\\Good\\Documents\\web\\coba\\apps\\frontend\\src\\lib\\features\\sales\\components\\sales.service.ts","statementMap":{"0":{"start":{"line":39,"column":28},"end":{"line":53,"column":null}},"1":{"start":{"line":41,"column":20},"end":{"line":41,"column":null}},"2":{"start":{"line":42,"column":8},"end":{"line":42,"column":null}},"3":{"start":{"line":45,"column":22},"end":{"line":45,"column":null}},"4":{"start":{"line":46,"column":20},"end":{"line":46,"column":null}},"5":{"start":{"line":47,"column":8},"end":{"line":47,"column":null}},"6":{"start":{"line":50,"column":20},"end":{"line":50,"column":null}},"7":{"start":{"line":51,"column":8},"end":{"line":51,"column":null}}},"fnMap":{"0":{"name":"(anonymous_0)","decl":{"start":{"line":40,"column":12},"end":{"line":40,"column":19}},"loc":{"start":{"line":40,"column":74},"end":{"line":43,"column":null}},"line":40},"1":{"name":"(anonymous_1)","decl":{"start":{"line":44,"column":12},"end":{"line":44,"column":19}},"loc":{"start":{"line":44,"column":72},"end":{"line":48,"column":null}},"line":44},"2":{"name":"(anonymous_2)","decl":{"start":{"line":49,"column":12},"end":{"line":49,"column":19}},"loc":{"start":{"line":49,"column":49},"end":{"line":52,"column":null}},"line":49}},"branchMap":{"0":{"loc":{"start":{"line":47,"column":15},"end":{"line":47,"column":null}},"type":"binary-expr","locations":[{"start":{"line":47,"column":15},"end":{"line":47,"column":33}},{"start":{"line":47,"column":33},"end":{"line":47,"column":null}}],"line":47}},"s":{"0":1,"1":1,"2":1,"3":0,"4":0,"5":0,"6":0,"7":0},"f":{"0":1,"1":0,"2":0},"b":{"0":[0,0]},"meta":{"lastBranch":1,"lastFunction":3,"lastStatement":8,"seen":{"s:39:28:53:Infinity":0,"f:40:12:40:19":0,"s:41:20:41:Infinity":1,"s:42:8:42:Infinity":2,"f:44:12:44:19":1,"s:45:22:45:Infinity":3,"s:46:20:46:Infinity":4,"s:47:8:47:Infinity":5,"b:47:15:47:33:47:33:47:Infinity":0,"f:49:12:49:19":2,"s:50:20:50:Infinity":6,"s:51:8:51:Infinity":7}}}
,"C:\\Users\\Good\\Documents\\web\\coba\\apps\\frontend\\src\\lib\\shared\\lib\\auth-store.svelte.ts": {"path":"C:\\Users\\Good\\Documents\\web\\coba\\apps\\frontend\\src\\lib\\shared\\lib\\auth-store.svelte.ts","statementMap":{"0":{"start":{"line":14,"column":13},"end":{"line":20,"column":null}},"1":{"start":{"line":24,"column":11},"end":{"line":24,"column":null}},"2":{"start":{"line":25,"column":14},"end":{"line":25,"column":null}},"3":{"start":{"line":26,"column":33},"end":{"line":26,"column":null}},"4":{"start":{"line":29,"column":17},"end":{"line":29,"column":null}},"5":{"start":{"line":65,"column":32},"end":{"line":65,"column":null}},"6":{"start":{"line":69,"column":8},"end":{"line":69,"column":null}},"7":{"start":{"line":120,"column":54},"end":{"line":120,"column":null}},"8":{"start":{"line":26,"column":33},"end":{"line":26,"column":42}},"9":{"start":{"line":33,"column":13},"end":{"line":33,"column":null}},"10":{"start":{"line":33,"column":18},"end":{"line":33,"column":null}},"11":{"start":{"line":34,"column":12},"end":{"line":34,"column":null}},"12":{"start":{"line":36,"column":12},"end":{"line":42,"column":null}},"13":{"start":{"line":37,"column":12},"end":{"line":37,"column":null}},"14":{"start":{"line":40,"column":18},"end":{"line":40,"column":null}},"15":{"start":{"line":41,"column":12},"end":{"line":41,"column":null}},"16":{"start":{"line":45,"column":12},"end":{"line":48,"column":null}},"17":{"start":{"line":50,"column":15},"end":{"line":50,"column":null}},"18":{"start":{"line":55,"column":12},"end":{"line":55,"column":null}},"19":{"start":{"line":55,"column":45},"end":{"line":55,"column":null}},"20":{"start":{"line":56,"column":12},"end":{"line":56,"column":null}},"21":{"start":{"line":56,"column":39},"end":{"line":56,"column":null}},"22":{"start":{"line":57,"column":12},"end":{"line":57,"column":null}},"23":{"start":{"line":57,"column":41},"end":{"line":57,"column":null}},"24":{"start":{"line":58,"column":12},"end":{"line":58,"column":null}},"25":{"start":{"line":58,"column":41},"end":{"line":58,"column":null}},"26":{"start":{"line":59,"column":12},"end":{"line":59,"column":null}},"27":{"start":{"line":59,"column":39},"end":{"line":59,"column":null}},"28":{"start":{"line":60,"column":12},"end":{"line":60,"column":null}},"29":{"start":{"line":60,"column":43},"end":{"line":60,"column":null}},"30":{"start":{"line":61,"column":15},"end":{"line":61,"column":null}},"31":{"start":{"line":65,"column":32},"end":{"line":65,"column":53}},"32":{"start":{"line":73,"column":27},"end":{"line":73,"column":null}},"33":{"start":{"line":74,"column":15},"end":{"line":74,"column":null}},"34":{"start":{"line":74,"column":36},"end":{"line":74,"column":null}},"35":{"start":{"line":82,"column":13},"end":{"line":82,"column":null}},"36":{"start":{"line":82,"column":39},"end":{"line":82,"column":null}},"37":{"start":{"line":84,"column":8},"end":{"line":84,"column":null}},"38":{"start":{"line":85,"column":12},"end":{"line":87,"column":null}},"39":{"start":{"line":86,"column":12},"end":{"line":86,"column":null}},"40":{"start":{"line":89,"column":15},"end":{"line":89,"column":null}},"41":{"start":{"line":97,"column":13},"end":{"line":97,"column":null}},"42":{"start":{"line":99,"column":23},"end":{"line":99,"column":null}},"43":{"start":{"line":101,"column":12},"end":{"line":109,"column":null}},"44":{"start":{"line":102,"column":12},"end":{"line":102,"column":null}},"45":{"start":{"line":105,"column":12},"end":{"line":105,"column":null}},"46":{"start":{"line":106,"column":16},"end":{"line":108,"column":null}},"47":{"start":{"line":107,"column":16},"end":{"line":107,"column":null}},"48":{"start":{"line":114,"column":13},"end":{"line":114,"column":null}},"49":{"start":{"line":114,"column":18},"end":{"line":114,"column":null}},"50":{"start":{"line":116,"column":21},"end":{"line":116,"column":null}},"51":{"start":{"line":117,"column":15},"end":{"line":117,"column":null}},"52":{"start":{"line":123,"column":13},"end":{"line":123,"column":null}},"53":{"start":{"line":124,"column":12},"end":{"line":124,"column":null}},"54":{"start":{"line":124,"column":17},"end":{"line":124,"column":null}},"55":{"start":{"line":126,"column":8},"end":{"line":139,"column":null}},"56":{"start":{"line":127,"column":12},"end":{"line":127,"column":null}},"57":{"start":{"line":128,"column":16},"end":{"line":138,"column":null}},"58":{"start":{"line":129,"column":22},"end":{"line":129,"column":null}},"59":{"start":{"line":130,"column":16},"end":{"line":130,"column":null}},"60":{"start":{"line":132,"column":16},"end":{"line":132,"column":null}},"61":{"start":{"line":134,"column":16},"end":{"line":134,"column":null}},"62":{"start":{"line":136,"column":16},"end":{"line":136,"column":null}},"63":{"start":{"line":137,"column":16},"end":{"line":137,"column":null}},"64":{"start":{"line":141,"column":15},"end":{"line":141,"column":null}},"65":{"start":{"line":145,"column":8},"end":{"line":145,"column":null}},"66":{"start":{"line":146,"column":8},"end":{"line":146,"column":null}},"67":{"start":{"line":147,"column":12},"end":{"line":147,"column":null}},"68":{"start":{"line":147,"column":22},"end":{"line":147,"column":null}},"69":{"start":{"line":151,"column":12},"end":{"line":160,"column":null}},"70":{"start":{"line":152,"column":18},"end":{"line":152,"column":null}},"71":{"start":{"line":154,"column":12},"end":{"line":154,"column":null}},"72":{"start":{"line":155,"column":12},"end":{"line":155,"column":null}},"73":{"start":{"line":156,"column":16},"end":{"line":159,"column":null}},"74":{"start":{"line":157,"column":16},"end":{"line":157,"column":null}},"75":{"start":{"line":158,"column":16},"end":{"line":158,"column":null}},"76":{"start":{"line":164,"column":13},"end":{"line":164,"column":null}}},"fnMap":{"0":{"name":"(anonymous_0)","decl":{"start":{"line":24,"column":4},"end":{"line":24,"column":11}},"loc":{"start":{"line":24,"column":4},"end":{"line":24,"column":11}},"line":24},"1":{"name":"(anonymous_1)","decl":{"start":{"line":25,"column":4},"end":{"line":25,"column":14}},"loc":{"start":{"line":25,"column":4},"end":{"line":25,"column":14}},"line":25},"2":{"name":"(anonymous_2)","decl":{"start":{"line":26,"column":33},"end":{"line":26,"column":38}},"loc":{"start":{"line":26,"column":33},"end":{"line":26,"column":42}},"line":26},"3":{"name":"(anonymous_3)","decl":{"start":{"line":26,"column":4},"end":{"line":26,"column":33}},"loc":{"start":{"line":26,"column":4},"end":{"line":26,"column":33}},"line":26},"4":{"name":"(anonymous_4)","decl":{"start":{"line":29,"column":4},"end":{"line":29,"column":17}},"loc":{"start":{"line":29,"column":4},"end":{"line":29,"column":17}},"line":29},"5":{"name":"(anonymous_5)","decl":{"start":{"line":32,"column":30},"end":{"line":32,"column":null}},"loc":{"start":{"line":32,"column":30},"end":{"line":51,"column":5}},"line":32},"6":{"name":"(anonymous_6)","decl":{"start":{"line":32,"column":4},"end":{"line":32,"column":30}},"loc":{"start":{"line":32,"column":4},"end":{"line":32,"column":30}},"line":32},"7":{"name":"(anonymous_7)","decl":{"start":{"line":54,"column":29},"end":{"line":54,"column":null}},"loc":{"start":{"line":54,"column":29},"end":{"line":62,"column":5}},"line":54},"8":{"name":"(anonymous_8)","decl":{"start":{"line":54,"column":4},"end":{"line":54,"column":29}},"loc":{"start":{"line":54,"column":4},"end":{"line":54,"column":29}},"line":54},"9":{"name":"(anonymous_9)","decl":{"start":{"line":65,"column":32},"end":{"line":65,"column":37}},"loc":{"start":{"line":65,"column":32},"end":{"line":65,"column":53}},"line":65},"10":{"name":"(anonymous_10)","decl":{"start":{"line":65,"column":4},"end":{"line":65,"column":32}},"loc":{"start":{"line":65,"column":4},"end":{"line":65,"column":32}},"line":65},"11":{"name":"(anonymous_11)","decl":{"start":{"line":69,"column":8},"end":{"line":69,"column":13}},"loc":{"start":{"line":69,"column":8},"end":{"line":69,"column":null}},"line":69},"12":{"name":"(anonymous_12)","decl":{"start":{"line":68,"column":4},"end":{"line":68,"column":null}},"loc":{"start":{"line":68,"column":4},"end":{"line":68,"column":null}},"line":68},"13":{"name":"(anonymous_13)","decl":{"start":{"line":72,"column":4},"end":{"line":72,"column":12}},"loc":{"start":{"line":72,"column":42},"end":{"line":75,"column":null}},"line":72},"14":{"name":"(anonymous_14)","decl":{"start":{"line":74,"column":26},"end":{"line":74,"column":31}},"loc":{"start":{"line":74,"column":36},"end":{"line":74,"column":null}},"line":74},"15":{"name":"(anonymous_15)","decl":{"start":{"line":81,"column":4},"end":{"line":81,"column":15}},"loc":{"start":{"line":81,"column":39},"end":{"line":90,"column":null}},"line":81},"16":{"name":"(anonymous_16)","decl":{"start":{"line":96,"column":4},"end":{"line":96,"column":21}},"loc":{"start":{"line":96,"column":21},"end":{"line":110,"column":null}},"line":96},"17":{"name":"(anonymous_17)","decl":{"start":{"line":113,"column":4},"end":{"line":113,"column":30}},"loc":{"start":{"line":113,"column":30},"end":{"line":118,"column":null}},"line":113},"18":{"name":"(anonymous_18)","decl":{"start":{"line":122,"column":10},"end":{"line":122,"column":22}},"loc":{"start":{"line":122,"column":22},"end":{"line":142,"column":null}},"line":122},"19":{"name":"(anonymous_19)","decl":{"start":{"line":126,"column":13},"end":{"line":126,"column":46}},"loc":{"start":{"line":126,"column":46},"end":{"line":139,"column":null}},"line":126},"20":{"name":"(anonymous_20)","decl":{"start":{"line":144,"column":4},"end":{"line":144,"column":16}},"loc":{"start":{"line":144,"column":39},"end":{"line":148,"column":null}},"line":144},"21":{"name":"(anonymous_21)","decl":{"start":{"line":150,"column":10},"end":{"line":150,"column":19}},"loc":{"start":{"line":150,"column":19},"end":{"line":161,"column":null}},"line":150}},"branchMap":{"0":{"loc":{"start":{"line":33,"column":13},"end":{"line":33,"column":null}},"type":"if","locations":[{"start":{"line":33,"column":13},"end":{"line":33,"column":null}},{"start":{},"end":{}}],"line":33},"1":{"loc":{"start":{"line":36,"column":12},"end":{"line":42,"column":null}},"type":"if","locations":[{"start":{"line":36,"column":12},"end":{"line":42,"column":null}},{"start":{"line":38,"column":15},"end":{"line":42,"column":null}}],"line":36},"2":{"loc":{"start":{"line":36,"column":12},"end":{"line":36,"column":59}},"type":"binary-expr","locations":[{"start":{"line":36,"column":12},"end":{"line":36,"column":31}},{"start":{"line":36,"column":31},"end":{"line":36,"column":59}}],"line":36},"3":{"loc":{"start":{"line":40,"column":18},"end":{"line":40,"column":null}},"type":"cond-expr","locations":[{"start":{"line":40,"column":68},"end":{"line":40,"column":88}},{"start":{"line":40,"column":88},"end":{"line":40,"column":null}}],"line":40},"4":{"loc":{"start":{"line":41,"column":16},"end":{"line":41,"column":null}},"type":"cond-expr","locations":[{"start":{"line":41,"column":16},"end":{"line":41,"column":null}},{"start":{"line":41,"column":40},"end":{"line":41,"column":null}}],"line":41},"5":{"loc":{"start":{"line":45,"column":12},"end":{"line":48,"column":null}},"type":"if","locations":[{"start":{"line":45,"column":12},"end":{"line":48,"column":null}},{"start":{},"end":{}}],"line":45},"6":{"loc":{"start":{"line":55,"column":12},"end":{"line":55,"column":null}},"type":"if","locations":[{"start":{"line":55,"column":12},"end":{"line":55,"column":null}},{"start":{},"end":{}}],"line":55},"7":{"loc":{"start":{"line":56,"column":12},"end":{"line":56,"column":null}},"type":"if","locations":[{"start":{"line":56,"column":12},"end":{"line":56,"column":null}},{"start":{},"end":{}}],"line":56},"8":{"loc":{"start":{"line":57,"column":12},"end":{"line":57,"column":null}},"type":"if","locations":[{"start":{"line":57,"column":12},"end":{"line":57,"column":null}},{"start":{},"end":{}}],"line":57},"9":{"loc":{"start":{"line":58,"column":12},"end":{"line":58,"column":null}},"type":"if","locations":[{"start":{"line":58,"column":12},"end":{"line":58,"column":null}},{"start":{},"end":{}}],"line":58},"10":{"loc":{"start":{"line":59,"column":12},"end":{"line":59,"column":null}},"type":"if","locations":[{"start":{"line":59,"column":12},"end":{"line":59,"column":null}},{"start":{},"end":{}}],"line":59},"11":{"loc":{"start":{"line":60,"column":12},"end":{"line":60,"column":null}},"type":"if","locations":[{"start":{"line":60,"column":12},"end":{"line":60,"column":null}},{"start":{},"end":{}}],"line":60},"12":{"loc":{"start":{"line":61,"column":15},"end":{"line":61,"column":null}},"type":"binary-expr","locations":[{"start":{"line":61,"column":15},"end":{"line":61,"column":32}},{"start":{"line":61,"column":32},"end":{"line":61,"column":null}}],"line":61},"13":{"loc":{"start":{"line":69,"column":8},"end":{"line":69,"column":null}},"type":"cond-expr","locations":[{"start":{"line":69,"column":26},"end":{"line":69,"column":57}},{"start":{"line":69,"column":57},"end":{"line":69,"column":null}}],"line":69},"14":{"loc":{"start":{"line":73,"column":27},"end":{"line":73,"column":null}},"type":"cond-expr","locations":[{"start":{"line":73,"column":54},"end":{"line":73,"column":67}},{"start":{"line":73,"column":54},"end":{"line":73,"column":null}}],"line":73},"15":{"loc":{"start":{"line":82,"column":13},"end":{"line":82,"column":null}},"type":"if","locations":[{"start":{"line":82,"column":13},"end":{"line":82,"column":null}},{"start":{},"end":{}}],"line":82},"16":{"loc":{"start":{"line":85,"column":12},"end":{"line":87,"column":null}},"type":"if","locations":[{"start":{"line":85,"column":12},"end":{"line":87,"column":null}},{"start":{},"end":{}}],"line":85},"17":{"loc":{"start":{"line":89,"column":15},"end":{"line":89,"column":null}},"type":"binary-expr","locations":[{"start":{"line":89,"column":15},"end":{"line":89,"column":49}},{"start":{"line":89,"column":49},"end":{"line":89,"column":null}}],"line":89},"18":{"loc":{"start":{"line":97,"column":13},"end":{"line":97,"column":null}},"type":"if","locations":[{"start":{"line":97,"column":13},"end":{"line":97,"column":null}},{"start":{},"end":{}}],"line":97},"19":{"loc":{"start":{"line":101,"column":12},"end":{"line":109,"column":null}},"type":"if","locations":[{"start":{"line":101,"column":12},"end":{"line":109,"column":null}},{"start":{"line":103,"column":15},"end":{"line":109,"column":null}}],"line":101},"20":{"loc":{"start":{"line":101,"column":12},"end":{"line":101,"column":51}},"type":"binary-expr","locations":[{"start":{"line":101,"column":12},"end":{"line":101,"column":22}},{"start":{"line":101,"column":22},"end":{"line":101,"column":51}}],"line":101},"21":{"loc":{"start":{"line":106,"column":16},"end":{"line":108,"column":null}},"type":"if","locations":[{"start":{"line":106,"column":16},"end":{"line":108,"column":null}},{"start":{},"end":{}}],"line":106},"22":{"loc":{"start":{"line":114,"column":13},"end":{"line":114,"column":null}},"type":"if","locations":[{"start":{"line":114,"column":13},"end":{"line":114,"column":null}},{"start":{},"end":{}}],"line":114},"23":{"loc":{"start":{"line":116,"column":21},"end":{"line":116,"column":null}},"type":"binary-expr","locations":[{"start":{"line":116,"column":21},"end":{"line":116,"column":40}},{"start":{"line":116,"column":40},"end":{"line":116,"column":null}}],"line":116},"24":{"loc":{"start":{"line":117,"column":15},"end":{"line":117,"column":null}},"type":"binary-expr","locations":[{"start":{"line":117,"column":15},"end":{"line":117,"column":53}},{"start":{"line":117,"column":53},"end":{"line":117,"column":null}}],"line":117},"25":{"loc":{"start":{"line":117,"column":27},"end":{"line":117,"column":37}},"type":"binary-expr","locations":[{"start":{"line":117,"column":27},"end":{"line":117,"column":35}},{"start":{"line":117,"column":35},"end":{"line":117,"column":37}}],"line":117},"26":{"loc":{"start":{"line":123,"column":13},"end":{"line":123,"column":null}},"type":"if","locations":[{"start":{"line":123,"column":13},"end":{"line":123,"column":null}},{"start":{},"end":{}}],"line":123},"27":{"loc":{"start":{"line":124,"column":12},"end":{"line":124,"column":null}},"type":"if","locations":[{"start":{"line":124,"column":12},"end":{"line":124,"column":null}},{"start":{},"end":{}}],"line":124},"28":{"loc":{"start":{"line":130,"column":28},"end":{"line":130,"column":null}},"type":"binary-expr","locations":[{"start":{"line":130,"column":28},"end":{"line":130,"column":45}},{"start":{"line":130,"column":45},"end":{"line":130,"column":null}}],"line":130},"29":{"loc":{"start":{"line":147,"column":12},"end":{"line":147,"column":null}},"type":"if","locations":[{"start":{"line":147,"column":12},"end":{"line":147,"column":null}},{"start":{},"end":{}}],"line":147},"30":{"loc":{"start":{"line":156,"column":16},"end":{"line":159,"column":null}},"type":"if","locations":[{"start":{"line":156,"column":16},"end":{"line":159,"column":null}},{"start":{},"end":{}}],"line":156}},"s":{"0":1,"1":1,"2":1,"3":1,"4":1,"5":1,"6":0,"7":1,"8":2,"9":3,"10":0,"11":3,"12":3,"13":3,"14":0,"15":0,"16":3,"17":3,"18":3,"19":0,"20":3,"21":0,"22":3,"23":0,"24":3,"25":0,"26":3,"27":0,"28":3,"29":0,"30":3,"31":0,"32":2,"33":2,"34":2,"35":0,"36":0,"37":0,"38":0,"39":0,"40":0,"41":0,"42":3,"43":3,"44":0,"45":3,"46":3,"47":3,"48":0,"49":0,"50":0,"51":0,"52":0,"53":0,"54":0,"55":0,"56":0,"57":0,"58":0,"59":0,"60":0,"61":0,"62":0,"63":0,"64":0,"65":3,"66":3,"67":3,"68":3,"69":5,"70":5,"71":5,"72":5,"73":5,"74":5,"75":5,"76":1},"f":{"0":27,"1":3,"2":2,"3":2,"4":14,"5":3,"6":23,"7":3,"8":3,"9":0,"10":0,"11":0,"12":0,"13":2,"14":2,"15":0,"16":3,"17":0,"18":0,"19":0,"20":3,"21":5},"b":{"0":[0,3],"1":[3,0],"2":[3,3],"3":[0,0],"4":[0,0],"5":[0,3],"6":[0,3],"7":[0,3],"8":[0,3],"9":[0,3],"10":[0,3],"11":[0,3],"12":[3,0],"13":[0,0],"14":[0,2],"15":[0,0],"16":[0,0],"17":[0,0],"18":[0,3],"19":[0,3],"20":[3,0],"21":[3,0],"22":[0,0],"23":[0,0],"24":[0,0],"25":[0,0],"26":[0,0],"27":[0,0],"28":[0,0],"29":[3,0],"30":[5,0]},"meta":{"lastBranch":31,"lastFunction":22,"lastStatement":77,"seen":{"s:14:13:20:Infinity":0,"s:24:11:24:Infinity":1,"s:25:14:25:Infinity":2,"s:26:33:26:Infinity":3,"s:29:17:29:Infinity":4,"s:65:32:65:Infinity":5,"s:69:8:69:Infinity":6,"s:120:54:120:Infinity":7,"f:24:4:24:11":0,"f:25:4:25:14":1,"f:26:33:26:38":2,"s:26:33:26:42":8,"f:26:4:26:33":3,"f:29:4:29:17":4,"f:32:30:32:Infinity":5,"b:33:13:33:Infinity:undefined:undefined:undefined:undefined":0,"s:33:13:33:Infinity":9,"s:33:18:33:Infinity":10,"s:34:12:34:Infinity":11,"b:36:12:42:Infinity:38:15:42:Infinity":1,"s:36:12:42:Infinity":12,"b:36:12:36:31:36:31:36:59":2,"s:37:12:37:Infinity":13,"s:40:18:40:Infinity":14,"b:40:68:40:88:40:88:40:Infinity":3,"s:41:12:41:Infinity":15,"b:41:16:41:Infinity:41:40:41:Infinity":4,"b:45:12:48:Infinity:undefined:undefined:undefined:undefined":5,"s:45:12:48:Infinity":16,"s:50:15:50:Infinity":17,"f:32:4:32:30":6,"f:54:29:54:Infinity":7,"b:55:12:55:Infinity:undefined:undefined:undefined:undefined":6,"s:55:12:55:Infinity":18,"s:55:45:55:Infinity":19,"b:56:12:56:Infinity:undefined:undefined:undefined:undefined":7,"s:56:12:56:Infinity":20,"s:56:39:56:Infinity":21,"b:57:12:57:Infinity:undefined:undefined:undefined:undefined":8,"s:57:12:57:Infinity":22,"s:57:41:57:Infinity":23,"b:58:12:58:Infinity:undefined:undefined:undefined:undefined":9,"s:58:12:58:Infinity":24,"s:58:41:58:Infinity":25,"b:59:12:59:Infinity:undefined:undefined:undefined:undefined":10,"s:59:12:59:Infinity":26,"s:59:39:59:Infinity":27,"b:60:12:60:Infinity:undefined:undefined:undefined:undefined":11,"s:60:12:60:Infinity":28,"s:60:43:60:Infinity":29,"s:61:15:61:Infinity":30,"b:61:15:61:32:61:32:61:Infinity":12,"f:54:4:54:29":8,"f:65:32:65:37":9,"s:65:32:65:53":31,"f:65:4:65:32":10,"f:69:8:69:13":11,"b:69:26:69:57:69:57:69:Infinity":13,"f:68:4:68:Infinity":12,"f:72:4:72:12":13,"s:73:27:73:Infinity":32,"b:73:54:73:67:73:54:73:Infinity":14,"s:74:15:74:Infinity":33,"f:74:26:74:31":14,"s:74:36:74:Infinity":34,"f:81:4:81:15":15,"b:82:13:82:Infinity:undefined:undefined:undefined:undefined":15,"s:82:13:82:Infinity":35,"s:82:39:82:Infinity":36,"s:84:8:84:Infinity":37,"b:85:12:87:Infinity:undefined:undefined:undefined:undefined":16,"s:85:12:87:Infinity":38,"s:86:12:86:Infinity":39,"s:89:15:89:Infinity":40,"b:89:15:89:49:89:49:89:Infinity":17,"f:96:4:96:21":16,"b:97:13:97:Infinity:undefined:undefined:undefined:undefined":18,"s:97:13:97:Infinity":41,"s:99:23:99:Infinity":42,"b:101:12:109:Infinity:103:15:109:Infinity":19,"s:101:12:109:Infinity":43,"b:101:12:101:22:101:22:101:51":20,"s:102:12:102:Infinity":44,"s:105:12:105:Infinity":45,"b:106:16:108:Infinity:undefined:undefined:undefined:undefined":21,"s:106:16:108:Infinity":46,"s:107:16:107:Infinity":47,"f:113:4:113:30":17,"b:114:13:114:Infinity:undefined:undefined:undefined:undefined":22,"s:114:13:114:Infinity":48,"s:114:18:114:Infinity":49,"s:116:21:116:Infinity":50,"b:116:21:116:40:116:40:116:Infinity":23,"s:117:15:117:Infinity":51,"b:117:15:117:53:117:53:117:Infinity":24,"b:117:27:117:35:117:35:117:37":25,"f:122:10:122:22":18,"b:123:13:123:Infinity:undefined:undefined:undefined:undefined":26,"s:123:13:123:Infinity":52,"b:124:12:124:Infinity:undefined:undefined:undefined:undefined":27,"s:124:12:124:Infinity":53,"s:124:17:124:Infinity":54,"s:126:8:139:Infinity":55,"f:126:13:126:46":19,"s:127:12:127:Infinity":56,"s:128:16:138:Infinity":57,"s:129:22:129:Infinity":58,"s:130:16:130:Infinity":59,"b:130:28:130:45:130:45:130:Infinity":28,"s:132:16:132:Infinity":60,"s:134:16:134:Infinity":61,"s:136:16:136:Infinity":62,"s:137:16:137:Infinity":63,"s:141:15:141:Infinity":64,"f:144:4:144:16":20,"s:145:8:145:Infinity":65,"s:146:8:146:Infinity":66,"b:147:12:147:Infinity:undefined:undefined:undefined:undefined":29,"s:147:12:147:Infinity":67,"s:147:22:147:Infinity":68,"f:150:10:150:19":21,"s:151:12:160:Infinity":69,"s:152:18:152:Infinity":70,"s:154:12:154:Infinity":71,"s:155:12:155:Infinity":72,"b:156:16:159:Infinity:undefined:undefined:undefined:undefined":30,"s:156:16:159:Infinity":73,"s:157:16:157:Infinity":74,"s:158:16:158:Infinity":75,"s:164:13:164:Infinity":76}}}
,"C:\\Users\\Good\\Documents\\web\\coba\\apps\\frontend\\src\\lib\\shared\\lib\\utils.ts": {"path":"C:\\Users\\Good\\Documents\\web\\coba\\apps\\frontend\\src\\lib\\shared\\lib\\utils.ts","statementMap":{"0":{"start":{"line":5,"column":4},"end":{"line":5,"column":null}},"1":{"start":{"line":10,"column":23},"end":{"line":10,"column":null}},"2":{"start":{"line":11,"column":4},"end":{"line":11,"column":null}},"3":{"start":{"line":11,"column":27},"end":{"line":11,"column":null}},"4":{"start":{"line":13,"column":4},"end":{"line":18,"column":null}},"5":{"start":{"line":24,"column":26},"end":{"line":36,"column":null}},"6":{"start":{"line":38,"column":22},"end":{"line":38,"column":null}},"7":{"start":{"line":39,"column":21},"end":{"line":39,"column":null}},"8":{"start":{"line":41,"column":18},"end":{"line":41,"column":null}},"9":{"start":{"line":42,"column":19},"end":{"line":42,"column":null}},"10":{"start":{"line":44,"column":4},"end":{"line":48,"column":null}},"11":{"start":{"line":44,"column":17},"end":{"line":44,"column":20}},"12":{"start":{"line":45,"column":25},"end":{"line":45,"column":null}},"13":{"start":{"line":46,"column":8},"end":{"line":46,"column":null}},"14":{"start":{"line":47,"column":8},"end":{"line":47,"column":null}},"15":{"start":{"line":50,"column":23},"end":{"line":50,"column":null}},"16":{"start":{"line":51,"column":4},"end":{"line":51,"column":null}},"17":{"start":{"line":52,"column":4},"end":{"line":52,"column":null}},"18":{"start":{"line":54,"column":17},"end":{"line":54,"column":null}},"19":{"start":{"line":55,"column":18},"end":{"line":55,"column":null}},"20":{"start":{"line":56,"column":12},"end":{"line":56,"column":null}},"21":{"start":{"line":59,"column":14},"end":{"line":59,"column":null}},"22":{"start":{"line":61,"column":4},"end":{"line":67,"column":null}},"23":{"start":{"line":61,"column":17},"end":{"line":61,"column":20}},"24":{"start":{"line":62,"column":25},"end":{"line":62,"column":null}},"25":{"start":{"line":63,"column":8},"end":{"line":65,"column":null}},"26":{"start":{"line":64,"column":12},"end":{"line":64,"column":null}},"27":{"start":{"line":66,"column":8},"end":{"line":66,"column":null}},"28":{"start":{"line":70,"column":4},"end":{"line":70,"column":null}},"29":{"start":{"line":76,"column":4},"end":{"line":89,"column":null}},"30":{"start":{"line":77,"column":8},"end":{"line":85,"column":null}},"31":{"start":{"line":87,"column":8},"end":{"line":87,"column":null}},"32":{"start":{"line":88,"column":8},"end":{"line":88,"column":null}},"33":{"start":{"line":92,"column":4},"end":{"line":92,"column":null}},"34":{"start":{"line":92,"column":15},"end":{"line":92,"column":null}},"35":{"start":{"line":93,"column":14},"end":{"line":93,"column":null}},"36":{"start":{"line":94,"column":4},"end":{"line":100,"column":null}}},"fnMap":{"0":{"name":"cn","decl":{"start":{"line":4,"column":16},"end":{"line":4,"column":22}},"loc":{"start":{"line":4,"column":44},"end":{"line":6,"column":null}},"line":4},"1":{"name":"formatCurrency","decl":{"start":{"line":8,"column":16},"end":{"line":8,"column":31}},"loc":{"start":{"line":8,"column":74},"end":{"line":19,"column":null}},"line":8},"2":{"name":"generateBarcodeSvg","decl":{"start":{"line":23,"column":16},"end":{"line":23,"column":35}},"loc":{"start":{"line":23,"column":78},"end":{"line":71,"column":null}},"line":23},"3":{"name":"generateQrCodeSvg","decl":{"start":{"line":75,"column":22},"end":{"line":75,"column":40}},"loc":{"start":{"line":75,"column":71},"end":{"line":90,"column":null}},"line":75},"4":{"name":"formatDate","decl":{"start":{"line":91,"column":16},"end":{"line":91,"column":27}},"loc":{"start":{"line":91,"column":75},"end":{"line":101,"column":null}},"line":91}},"branchMap":{"0":{"loc":{"start":{"line":10,"column":23},"end":{"line":10,"column":null}},"type":"binary-expr","locations":[{"start":{"line":10,"column":23},"end":{"line":10,"column":33}},{"start":{"line":10,"column":33},"end":{"line":10,"column":null}}],"line":10},"1":{"loc":{"start":{"line":11,"column":4},"end":{"line":11,"column":null}},"type":"if","locations":[{"start":{"line":11,"column":4},"end":{"line":11,"column":null}},{"start":{},"end":{}}],"line":11},"2":{"loc":{"start":{"line":23,"column":49},"end":{"line":23,"column":78}},"type":"default-arg","locations":[{"start":{"line":23,"column":66},"end":{"line":23,"column":78}}],"line":23},"3":{"loc":{"start":{"line":63,"column":8},"end":{"line":65,"column":null}},"type":"if","locations":[{"start":{"line":63,"column":8},"end":{"line":65,"column":null}},{"start":{},"end":{}}],"line":63},"4":{"loc":{"start":{"line":92,"column":4},"end":{"line":92,"column":null}},"type":"if","locations":[{"start":{"line":92,"column":4},"end":{"line":92,"column":null}},{"start":{},"end":{}}],"line":92},"5":{"loc":{"start":{"line":93,"column":14},"end":{"line":93,"column":null}},"type":"cond-expr","locations":[{"start":{"line":93,"column":41},"end":{"line":93,"column":58}},{"start":{"line":93,"column":58},"end":{"line":93,"column":null}}],"line":93}},"s":{"0":2,"1":4,"2":4,"3":1,"4":3,"5":1,"6":1,"7":1,"8":1,"9":1,"10":1,"11":1,"12":5,"13":5,"14":5,"15":1,"16":1,"17":1,"18":1,"19":1,"20":1,"21":1,"22":1,"23":1,"24":49,"25":49,"26":25,"27":49,"28":1,"29":1,"30":1,"31":0,"32":0,"33":3,"34":2,"35":1,"36":3},"f":{"0":2,"1":4,"2":1,"3":1,"4":3},"b":{"0":[4,2],"1":[1,3],"2":[1],"3":[25,24],"4":[2,1],"5":[1,0]},"meta":{"lastBranch":6,"lastFunction":5,"lastStatement":37,"seen":{"f:4:16:4:22":0,"s:5:4:5:Infinity":0,"f:8:16:8:31":1,"s:10:23:10:Infinity":1,"b:10:23:10:33:10:33:10:Infinity":0,"b:11:4:11:Infinity:undefined:undefined:undefined:undefined":1,"s:11:4:11:Infinity":2,"s:11:27:11:Infinity":3,"s:13:4:18:Infinity":4,"f:23:16:23:35":2,"b:23:66:23:78":2,"s:24:26:36:Infinity":5,"s:38:22:38:Infinity":6,"s:39:21:39:Infinity":7,"s:41:18:41:Infinity":8,"s:42:19:42:Infinity":9,"s:44:4:48:Infinity":10,"s:44:17:44:20":11,"s:45:25:45:Infinity":12,"s:46:8:46:Infinity":13,"s:47:8:47:Infinity":14,"s:50:23:50:Infinity":15,"s:51:4:51:Infinity":16,"s:52:4:52:Infinity":17,"s:54:17:54:Infinity":18,"s:55:18:55:Infinity":19,"s:56:12:56:Infinity":20,"s:59:14:59:Infinity":21,"s:61:4:67:Infinity":22,"s:61:17:61:20":23,"s:62:25:62:Infinity":24,"b:63:8:65:Infinity:undefined:undefined:undefined:undefined":3,"s:63:8:65:Infinity":25,"s:64:12:64:Infinity":26,"s:66:8:66:Infinity":27,"s:70:4:70:Infinity":28,"f:75:22:75:40":3,"s:76:4:89:Infinity":29,"s:77:8:85:Infinity":30,"s:87:8:87:Infinity":31,"s:88:8:88:Infinity":32,"f:91:16:91:27":4,"b:92:4:92:Infinity:undefined:undefined:undefined:undefined":4,"s:92:4:92:Infinity":33,"s:92:15:92:Infinity":34,"s:93:14:93:Infinity":35,"b:93:41:93:58:93:58:93:Infinity":5,"s:94:4:100:Infinity":36}}}
,"C:\\Users\\Good\\Documents\\web\\coba\\apps\\frontend\\tests\\mocks\\app\\environment.ts": {"path":"C:\\Users\\Good\\Documents\\web\\coba\\apps\\frontend\\tests\\mocks\\app\\environment.ts","statementMap":{"0":{"start":{"line":1,"column":23},"end":{"line":1,"column":null}},"1":{"start":{"line":2,"column":19},"end":{"line":2,"column":null}},"2":{"start":{"line":3,"column":24},"end":{"line":3,"column":null}},"3":{"start":{"line":4,"column":23},"end":{"line":4,"column":null}}},"fnMap":{},"branchMap":{},"s":{"0":1,"1":1,"2":1,"3":1},"f":{},"b":{},"meta":{"lastBranch":0,"lastFunction":0,"lastStatement":4,"seen":{"s:1:23:1:Infinity":0,"s:2:19:2:Infinity":1,"s:3:24:3:Infinity":2,"s:4:23:4:Infinity":3}}}
}
